C51 COMPILER V9.59.0.0   DISPALY_LED                                                       07/26/2020 21:17:50 PAGE 1   


C51 COMPILER V9.59.0.0, COMPILATION OF MODULE DISPALY_LED
OBJECT MODULE PLACED IN .\Objects\dispaly_led.obj
COMPILER INVOKED BY: C:\Keil_v5\C51\BIN\C51.EXE dispaly_led.c OPTIMIZE(8,SPEED) BROWSE DEBUG OBJECTEXTEND PRINT(.\Listin
                    -gs\dispaly_led.lst) TABS(2) OBJECT(.\Objects\dispaly_led.obj)

line level    source

   1          #include "H Group/config.h"
   2          #include "H Group/display_led.h"
   3          #include "H Group/74hc164.h"
   4          
   5          unsigned int shine;
   6          bit dp;
   7          
   8          /***显示函数延时函数***/
   9          void delay_display(unsigned int c)
  10          {
  11   1        for(c;c>0;c--){
  12   2          _nop_();
  13   2        }
  14   1      }
  15          /***显示函数***/
  16          void dis_led(unsigned char a,b)//两个输入值，分别是位数和字符数
  17          {
  18   1        unsigned char led_num[] = {
  19   1        0x0e,0x0d,0x0b,0x07
  20   1        };
  21   1        all = 1;
  22   1        display = led_num[a];  //显示位
  23   1        send(b);//显示段码
  24   1        if(dp == 1){//判断小数点位是否开启了
  25   2          ddp = 0;
  26   2        }else{
  27   2          ddp = 1;
  28   2        }
  29   1        delay_display(shine);  //前延时，用来调节亮度的亮时长
  30   1        all = 0;//清除位显示
  31   1        display = ~led_num[a];
  32   1        ddp = 1;//关断冒号
  33   1        delay_display(1024-shine);  //后延时，用来调节亮度的灭时长
  34   1      }
  35          #endif


MODULE INFORMATION:   STATIC OVERLAYABLE
   CODE SIZE        =    100    ----
   CONSTANT SIZE    =      4    ----
   XDATA SIZE       =   ----    ----
   PDATA SIZE       =   ----    ----
   DATA SIZE        =      2       7
   IDATA SIZE       =   ----    ----
   BIT SIZE         =      1    ----
END OF MODULE INFORMATION.


C51 COMPILATION COMPLETE.  0 WARNING(S),  0 ERROR(S)
